[RUN #0 1-5 10]
404
976
-785
-249
465
688
-335
-665
-119
-702
-958 929
-102 315
211 -227
-548 123
-604 395
459 -121
728 857
-110 -559
-424 82
97 984
-793 103 545
709 840 -609
-943 -772 934
541 -955 -830
71 -756 -100
473 375 350
-760 673 -302
76 -10 140
889 -788 210
-182 518 218
206 -144 698 -174
201 -812 570 755
-990 -913 453 63
-138 543 -494 473
-535 -904 -4 -506
663 -12 -762 -276
528 801 956 -895
-500 -537 -77 -487
372 -740 -703 -186
-954 -239 840 886
-360 381 -502 354 -743
64 147 -939 -770 661
-345 405 311 987 -808
-199 -140 34 781 -979
-745 417 622 502 356
91 47 79 -458 506
413 -440 541 274 554
69 -593 874 115 156
52 -608 857 -214 -760
709 -528 188 105 -434
[RUN #1 1-10 10]
880
-430
-793
50
94
945
543
-299
-813
212
-10 174
-967 -573
-800 675
-11 936
998 57
186 126
-769 518
421 523
-4 147
-583 -576
565 488 46
-248 605 836
-420 315 -724
-722 -913 -471
357 -65 -322
248 -230 549
-624 359 -580
-706 548 964
508 541 897
-479 -44 219
-481 -191 850 441
-182 362 686 -105
241 68 328 -817
-797 -880 832 -602
443 -418 670 -88
756 -722 187 -973
572 -867 861 644
-53 -259 245 -247
159 -654 -550 -993
107 -224 -731 -985
-279 443 87 422 -650
157 1 779 -166 787
63 -480 -98 -80 -339
-669 -356 914 961 -611
-667 -353 196 796 -458
-821 -937 -138 -705 -71
-284 115 912 399 -952
177 434 -926 840 570
861 -566 192 735 848
-289 531 -73 -16 697
108 -852 992 872 -169 964
-224 -210 512 -577 -853 931
680 -133 455 190 -796 -459
-93 966 362 -795 388 272
908 161 -324 858 -108 -305
-445 -667 2 -822 510 -73
104 -917 -472 320 863 -99
296 -707 -533 893 10 112
868 -361 229 688 -914 333
123 -854 -199 303 -165 -784
598 -975 599 -819 287 823 -513
137 374 -773 248 543 620 -379
738 940 319 -603 828 73 259
-812 -169 829 557 587 -457 609
-992 -780 350 161 106 -996 639
549 879 793 871 484 -948 -560
-529 -816 -85 943 855 -177 690
-493 900 -376 -946 30 559 5
775 486 942 -940 -515 390 714
952 -159 -406 498 -404 -836 -331
-579 755 676 514 824 -913 757 -713
-672 934 325 944 -895 708 -692 -620
-125 618 114 742 494 171 -275 405
337 -114 952 354 -436 -307 476 -975
967 -905 -283 149 -453 -52 -534 -504
3 -295 -960 -969 606 -125 -382 -991
37 581 951 -172 -328 330 -113 303
-727 804 -928 29 925 -445 301 -140
537 792 132 869 -875 -149 591 138
995 915 136 832 78 -112 497 -52
-771 -588 -820 -920 -63 -939 -843 -441 493
-372 452 143 303 441 974 161 65 -600
-732 -811 898 -109 -48 -749 -308 -591 -204
-266 727 -656 309 -67 423 487 343 -942
-873 -114 645 52 190 -297 -39 -147 278
714 -595 -667 32 -690 821 498 -635 309
-97 520 -424 768 881 525 -116 -787 172
928 806 -927 -964 -683 772 72 892 -694
-741 459 240 -998 267 734 673 838 160
81 574 992 550 -391 -532 225 -98 -945
-694 -983 -545 669 255 937 679 -847 598 628
12 660 258 -563 788 725 74 -470 -208 -936
-913 -191 -507 -457 -105 782 846 -869 578 575
[RUN #2 100 10]
-664 114 181 563 -631 -120 953 520 -443 270 682 661 -486 142 -790 -788 539 100 92 577 392 -388 33 -357 484 282 363 52 -109 -900 -729 276 76 -813 -489 88 -377 351 841 -977 188 -315 -671 -579 -320 780 123 137 469 95 -580 757 -772 713 -378 -133 -941 607 -293 -759 786 -166 -981 -974 -421 418 -621 -38 -861 853 -259 798 559 -141 -30 799 910 -606 -219 223 -632 152 772 -968 210 -811 670 -975 777 67 -491 -355 762 -695 404 461 620 -283 -647 215
-11 -9 -172 261 -410 -573 828 -265 709 -907 545 -542 931 11 602 -82 285 -801 -282 786 774 -85 -993 420 131 -450 -18 -312 897 665 914 -485 -566 -746 396 -864 -113 864 399 794 -764 710 -464 -289 126 136 103 978 36 -195 -178 981 770 318 311 -431 775 814 -202 758 -562 491 -101 960 837 349 -903 -609 39 461 690 -767 980 24 -616 -314 -930 -919 449 809 508 -826 -637 -957 -807 795 462 23 428 478 666 388 -793 -510 919 1 -302 251 -447 542
-482 -278 235 687 245 859 -911 340 -71 658 442 -598 -178 -238 -974 -102 449 236 894 -980 755 -704 -583 532 898 3 751 750 -709 -320 -524 -144 -791 217 731 -514 -790 -864 156 807 798 119 -609 926 -726 24 354 -771 -567 -345 170 -107 549 -86 -269 641 -917 123 -777 -44 247 649 318 37 947 -13 -2 470 527 307 -661 -656 221 432 -305 627 -871 -785 58 -347 -247 -468 -767 -649 153 -757 -422 -291 385 -910 33 196 -799 -973 -641 -214 210 797 474 749
652 -60 -851 59 -354 -685 985 166 761 -472 965 726 732 -793 -942 934 881 188 -847 286 -869 986 76 -816 -609 289 836 -541 -910 -410 -824 649 -808 -834 355 971 538 933 -864 977 -769 -216 -180 -664 -47 -513 -877 -885 -997 -916 416 129 -613 -941 244 -632 -326 7 637 705 14 445 537 -89 -460 30 -830 -305 962 -253 -748 504 -777 358 441 -203 337 821 420 -379 532 842 275 -454 702 -883 561 491 960 -12 -922 -642 -300 -143 -423 240 632 -780 -634 -684
-660 -126 167 448 963 900 427 763 -137 715 559 199 -974 561 -44 -453 -17 -740 494 515 2 -551 -902 92 324 -20 929 -399 -758 473 -620 877 433 -55 -136 78 -227 173 876 791 -59 110 648 424 195 172 -511 743 838 45 382 663 520 -294 261 920 82 -76 -642 377 483 -830 94 684 536 -984 -682 -468 -181 380 781 828 -278 116 -922 952 -208 423 850 279 192 622 -139 566 -292 374 931 -866 -788 -650 -82 -835 878 629 -585 316 205 -883 -289 -573
466 -327 223 395 564 222 261 583 352 -398 -663 -796 704 -46 -975 793 -355 -145 686 437 26 236 -434 462 912 -721 -641 206 965 -438 -621 983 430 -673 581 38 599 -960 -845 -686 44 -259 -732 781 -2 -165 460 -526 -493 -904 310 -865 -292 -294 954 992 -876 513 -51 210 525 -297 -797 233 61 -802 674 -72 331 -184 947 -345 -278 623 -671 -366 -907 850 -961 -450 572 -318 -629 -166 151 539 -634 928 -862 862 -195 244 -39 -44 -933 -453 835 631 -430 111
-995 -72 791 -929 -40 -346 -128 635 -957 -383 987 954 -800 90 -111 -453 -865 488 -109 620 -351 328 745 467 930 686 626 632 -324 -152 -443 -369 -323 508 -722 -405 273 -856 281 -939 838 293 -267 308 161 606 -95 696 -204 -683 -246 -866 582 527 -387 -397 -972 -12 -261 -258 901 -682 -609 204 -886 913 787 -359 437 196 -586 -966 -44 944 -503 267 948 -639 411 493 -336 603 375 -492 -20 -625 -733 -419 259 -704 -473 812 672 -14 65 -297 -692 -766 965 805
651 -763 270 -32 -816 -409 -65 -254 881 -913 -892 537 -696 -567 -164 89 98 -181 -132 -954 805 437 -806 -669 448 -183 899 -439 316 -705 34 542 -662 9 -674 -378 -216 -867 -326 -721 -917 -942 547 -457 915 752 -602 -167 -291 -282 -110 -312 553 -370 -620 -371 504 826 -162 -847 -53 64 924 771 -968 -833 -814 786 -994 -703 -558 351 237 384 -698 519 385 313 -212 -347 -337 80 285 -433 325 784 -76 -682 559 457 937 565 -45 -387 -23 -292 -579 703 -48 177
431 527 -852 -505 651 -296 -595 -35 999 496 87 317 -663 -316 554 946 -886 406 -924 716 -742 -487 -530 761 113 -428 -521 202 -481 -89 -133 -174 -417 -567 696 282 516 457 824 -919 745 -976 22 663 649 290 714 929 -434 -782 -241 -29 -251 -848 42 -908 793 -805 -930 921 -146 -740 -313 -205 -696 86 148 -175 155 565 -585 405 -720 -709 -721 184 -353 -229 343 368 -909 -80 -829 995 -92 -105 -1000 -50 658 200 377 927 -510 -745 -22 137 172 -322 -345 302
-369 429 256 853 -111 324 551 517 144 -114 788 475 964 -533 863 642 -605 -690 511 -775 588 -70 -228 -271 184 194 -169 -894 73 268 -796 8 146 -17 -264 83 -860 358 947 -365 321 -434 751 374 -978 -620 441 636 -304 -646 -366 654 618 508 598 232 -189 449 -478 -577 516 659 -458 762 -269 -73 -538 -474 620 -321 -407 -59 -276 -542 776 -267 -893 -26 493 16 -345 451 -402 -190 -362 836 129 -737 -928 -897 -910 -947 34 -855 63 -491 452 -924 -624 244
[RUN #3 50 10]
45 221 897 -16 767 -589 -734 61 -595 793 100 -254 301 281 239 192 -445 -134 999 385 -871 130 580 526 673 247 465 -802 759 -7 292 -605 -659 -153 -592 -877 -855 -736 -585 645 -862 -886 -888 521 321 943 475 660 799 -156
156 931 -694 267 -628 -774 828 880 -763 337 -932 912 -304 266 556 495 295 -85 235 101 647 -621 -133 -493 -916 -571 991 -326 29 -859 284 -38 232 306 -958 619 953 -910 -526 98 -482 -186 -678 630 678 -263 -129 -939 815 363
497 619 286 -502 -572 -792 -643 728 -405 445 932 948 455 774 631 -725 809 251 406 359 966 463 -385 525 73 -171 -224 -303 -410 -469 424 90 -486 -24 -701 335 -332 -393 660 864 -430 284 -444 -355 -421 -389 -549 613 313 -939
-759 -849 -893 -308 831 15 951 160 -399 319 308 258 277 -978 483 -883 707 658 6 80 -725 -464 864 -305 70 997 -786 98 -430 517 -81 550 -343 385 312 -820 688 284 -432 -206 798 741 -90 -576 -719 -143 -156 -27 926 -936
-954 704 226 889 379 -619 -299 443 407 -722 613 566 253 604 -547 131 -849 -130 -232 357 259 690 -958 437 -95 -641 -499 -837 -963 -16 -913 -658 -726 -623 70 189 170 732 460 410 450 14 798 478 -853 829 104 -473 -419 -927
-824 -720 -538 -863 -203 -513 -396 980 229 -485 -310 354 -531 707 374 -798 562 -873 -844 61 -405 -428 940 613 -347 812 999 -75 317 169 -144 -406 -409 938 -35 -52 114 -70 586 -242 878 71 508 741 559 591 734 -658 292 339
-896 -801 -912 -316 -77 -538 -768 183 -970 626 327 272 232 -88 850 -842 -577 -262 -818 299 816 -70 -119 -967 -951 624 739 243 721 -862 -992 -375 -713 -945 350 13 630 451 718 -355 -820 937 -729 -988 -630 384 -683 -693 -596 50
-364 419 -111 97 76 -959 -867 -924 787 -820 -229 941 466 -330 -51 73 502 634 208 -394 -791 -545 178 254 -549 727 -385 -915 -744 886 -289 -848 -550 -880 23 837 287 -225 344 323 -709 -737 -539 255 -1 -74 158 -35 216 491
121 17 78 -161 -513 378 -481 213 324 -164 -719 16 -620 -630 -945 -336 -604 -807 93 130 -637 188 343 -902 591 -339 -530 -211 251 -369 507 -598 954 -808 -347 -590 949 -672 656 525 -781 716 612 -104 -801 -60 101 -389 372 -830
134 246 461 414 -703 813 494 882 -846 806 216 750 26 -681 490 710 185 945 852 -944 -656 -34 -414 -416 217 -753 -816 536 -247 -511 -404 -784 491 616 -854 -707 -986 -575 922 -182 30 -230 -717 939 337 39 -400 895 798 20
[RUN #4 5 10]
-309 -194 -743 -836 926
724 -218 -961 847 872
-137 -488 -425 -940 117
570 495 993 -379 -696
-751 80 465 -283 -789
679 199 -377 -61 -72
750 545 -691 304 989
319 297 506 989 -972
-481 -780 108 778 232
-638 926 -987 320 379
[RUN #5 5 15]
-585 -247 816 769 -606
725 755 360 713 981
-31 745 -982 956 394
-333 -165 243 152 -272
375 -255 107 533 -496
-698 -597 313 328 -193
367 -140 -797 746 722
535 -555 216 -33 -718
-690 -271 -654 644 136
894 321 -699 -697 -713
-956 -796 -763 -787 633
-800 -694 -457 -477 -704
287 95 996 -174 -772
657 -826 -768 -110 712
-475 978 -435 471 386
[RUN #6 4 15]
-633 -441 854 -35
-347 -890 -876 -254
244 -598 758 684
91 847 -849 -100
961 271 -14 428
435 -852 -816 625
33 -961 -289 -708
-629 395 517 -613
59 -193 -62 138
-473 102 932 -983
404 -937 174 -229
212 529 -287 671
434 575 -915 959
-95 986 -635 -683
-950 -389 902 -901
[RUN #7 5-10 10]
-56 69 263 -282 -874
252 750 222 -694 847
-416 -803 375 698 69
-198 584 -468 878 676
640 138 248 -833 -581
348 572 -386 629 309
-474 -132 545 -335 -31
-956 -667 22 -654 369
-946 -222 524 619 297
745 -72 -839 287 -433
-731 688 200 -816 -930 524
-813 -367 -120 357 698 759
909 546 -103 879 -323 -760
579 870 467 -334 -571 714
497 -165 -167 -320 276 -216
-691 -861 -180 -275 -375 -398
-207 -486 588 203 158 -817
794 -321 -546 849 122 232
328 -573 883 -258 -61 -271
-130 755 -352 721 482 -91
-603 827 30 -696 704 -216 -497
730 24 79 362 -73 996 -629
927 183 579 598 -580 586 583
-589 425 456 577 201 -236 -375
506 69 350 -892 -84 140 -592
-189 -517 234 942 -263 -583 156
-177 556 841 609 219 82 -295
-952 449 195 -217 223 -955 -665
487 -243 210 -536 -668 -170 -745
-330 -562 -950 593 327 -194 -656
-403 569 -42 506 153 -718 333 -410
2 -312 94 362 -917 266 -99 -511
-653 395 464 -252 -52 639 505 -226
-606 -668 -258 360 -95 -239 307 -106
-556 450 -296 973 977 -343 -471 -142
-724 -419 -84 -284 -568 162 -923 -27
-40 26 164 -872 921 -831 714 685
-204 885 1 -857 -410 -552 -986 -778
-831 -714 -775 320 709 112 -906 -19
168 665 705 400 454 -232 513 -786
107 -493 -952 328 -555 670 261 -588 643
-405 -335 -179 202 -31 -766 545 765 98
-112 37 824 9 -925 714 -562 235 -909
-555 465 555 158 -695 635 833 -799 575
-119 -50 972 529 -515 0 890 111 -568
164 -54 -198 979 526 -171 902 -892 812
923 505 423 316 -634 -308 796 -14 986
646 16 -772 -391 -130 -248 -158 -706 450
-510 -52 -573 -776 -280 -117 -293 839 -563
679 -842 -802 809 775 -165 -725 -663 -386
-722 162 727 784 -904 668 -505 741 -571 -18
-100 -960 -990 -265 41 -57 764 612 969 750
5 -28 -515 -179 171 -387 -52 -774 386 75
754 721 -645 -201 -611 -405 -719 -917 886 -653
272 -371 -296 -65 -752 532 143 -513 294 59
-240 775 -228 529 417 -745 727 -969 723 -731
613 232 -326 403 -907 -868 -678 466 -736 21
470 -782 915 -546 -479 -96 568 -441 -501 -877
520 566 -803 964 -613 607 -981 -403 -815 -78
-565 112 363 -375 -564 754 -873 -637 -376 31
[RUN #8 1-5 10]
4
-381
377
108
562
-463
-923
924
-907
204
955 -549
-37 -565
-627 139
744 -370
-516 703
965 732
-438 -354
-991 67
-560 999
-737 954
323 360 -442
614 55 188
961 626 -621
834 988 -601
105 -408 439
-26 254 425
155 680 238
-340 926 172
-880 120 33
708 859 -770
815 536 -700 -617
-863 322 -303 -124
-217 -849 -92 446
572 -740 400 -763
561 994 643 867
992 671 409 831
-236 731 -28 -769
702 784 -6 468
696 129 879 -849
-567 -696 -139 181
381 -203 -742 831 -267
692 372 -307 671 -965
486 14 277 -215 -300
-620 410 -948 162 112
-569 475 568 -959 993
-248 822 396 326 182
325 819 120 355 -135
-290 795 428 79 -861
-953 749 -346 398 -592
-221 -237 -8 105 7
[RUN #9 6-10 10]
-156 -94 285 -283 382 -946
-585 911 -593 376 878 -406
282 551 857 -232 -603 670
-830 136 657 879 -18 -824
425 927 794 704 -858 654
205 -171 749 750 -827 -469
-589 -524 615 451 -246 543
-953 -554 -509 -612 -713 -345
-387 330 -747 670 158 -721
-639 820 -210 -37 -776 -947
-662 -909 -710 -722 -22 -721 -862
-588 358 -733 637 992 703 120
75 -443 -764 180 -365 -914 116
-48 -699 189 271 -567 458 710
928 515 951 183 813 -480 972
891 862 -506 -72 -736 -849 296
161 -176 -643 -446 206 -332 -745
970 -81 -647 -189 -39 670 -556
-497 996 -953 680 -679 -71 -777
774 194 363 -515 437 344 353
974 831 679 169 711 444 -389 825
-851 -486 -259 39 -309 -216 -301 -166
-579 100 887 -913 -353 527 -281 777
398 581 -883 -389 -270 876 673 -456
-807 -715 -505 -826 73 548 776 -103
971 893 765 327 -69 -381 450 240
666 536 875 -471 -434 204 695 573
-421 786 -188 69 -370 -560 -429 -771
391 -771 -184 -687 -39 836 -105 737
465 -623 -37 137 -25 148 550 -790
209 243 -300 226 477 -232 -138 -265 -815
-707 -820 647 -55 809 364 -84 -904 -464
-360 -698 648 -685 -710 -610 -454 385 185
-36 -735 -145 608 921 -83 508 -754 756
-943 674 -836 467 982 -891 -352 -153 -584
-402 -884 95 -46 410 5 534 298 141
-974 -865 -819 -975 -238 -984 729 -47 970
-904 -105 -194 -89 816 553 -402 12 821
275 -969 -186 -269 409 578 771 -483 787
-557 28 977 390 414 -256 69 -946 885
388 857 833 -652 -229 -870 519 201 311 -772
-726 -215 594 619 -583 -464 -281 -578 585 876
-564 -349 958 -34 126 -605 351 -215 458 394
-378 -788 83 -228 182 -27 973 257 -504 985
-851 210 56 983 -688 -458 -773 -276 -15 -973
-583 -438 -65 -876 88 -718 -644 -598 281 383
307 -940 428 -581 -24 -491 535 323 -497 194
-505 6 524 -191 272 586 -32 370 -218 -369
90 -27 951 48 697 -627 -989 -105 871 -261
619 793 79 628 -349 326 769 -691 121 646
[RUN #10 50 10]
-428 219 818 -2 225 -625 -312 -875 115 599 -627 -894 491 -433 230 -722 569 782 146 -391 -680 434 -306 -342 -523 849 -652 -964 879 507 -791 -643 -124 -291 -493 -850 372 705 544 648 909 747 339 359 502 121 993 -373 -445 362
-241 349 -914 -955 829 768 532 682 701 -993 -213 -622 -221 -336 -79 -95 -939 838 -191 -37 -848 -104 771 691 264 -339 -302 -344 -765 354 326 -895 964 -141 26 -584 590 199 736 -127 -345 49 -954 -316 -707 236 527 -364 -214 171
-281 231 902 882 257 -188 815 -934 161 947 658 317 122 582 -1 925 -153 -592 957 290 40 944 884 -174 772 249 892 -630 -244 890 -421 -536 233 -657 379 13 -319 -717 83 -63 -192 309 437 382 91 900 432 -501 341 -477
384 -507 600 575 385 -894 125 419 39 -232 -791 374 164 395 -862 123 846 -663 834 -869 489 -242 -660 60 159 -49 -361 -484 -374 121 -348 -645 210 -912 338 247 -281 439 -76 369 840 459 -301 -382 195 920 -704 -988 -96 948
262 471 839 317 -550 275 -728 548 -629 -694 799 -151 -93 -927 -445 239 786 156 -356 558 -18 467 -396 772 116 -460 202 -278 -212 423 -294 46 -884 664 -879 -138 -926 -994 434 663 -564 -223 -972 551 986 77 665 528 321 881
-676 -873 -165 -38 -81 -4 418 -497 -461 733 129 4 -900 -74 934 386 17 886 989 671 528 -456 345 -179 -467 665 432 754 917 173 -16 248 -241 -373 -516 542 657 481 -406 994 172 -517 -731 -568 448 549 -997 0 -253 650
923 647 -378 -46 712 111 203 37 335 540 -597 503 707 -864 504 -646 251 -831 38 323 204 560 129 607 -874 606 828 -957 -119 -153 -505 -340 -234 -354 177 250 -348 488 940 -30 216 -251 -189 805 263 -334 667 471 87 846
561 -596 117 777 -475 -871 278 -48 446 -774 -101 -735 -469 -932 381 601 254 712 -557 98 349 594 -340 -777 616 -316 -511 997 421 714 452 -164 -106 834 -227 444 467 -839 -264 286 40 -35 -875 35 344 -346 -812 891 740 -554
694 79 -38 -974 -377 666 -155 292 434 -104 -696 500 -150 -784 789 -656 334 141 -816 96 -421 369 -681 996 672 -815 558 -581 -591 194 -107 448 880 489 -319 -82 -309 -358 -170 -433 216 895 777 70 667 -69 -121 -215 -212 492
336 -709 -29 418 -252 -714 -20 -736 535 591 -802 931 -339 -849 -270 655 -37 877 -905 -854 -950 770 -500 636 -979 916 257 -793 232 54 146 -814 -541 -532 -480 -468 -273 -142 -768 -5 261 -984 464 620 510 -770 775 -396 -456 -708
[RUN #11 100 10]
685 -743 -579 -852 183 -304 -810 595 -975 150 -899 657 527 -234 -517 989 869 978 272 -476 17 880 -244 -727 662 166 719 -280 -990 -448 -772 127 -96 -586 295 950 356 -45 -415 544 867 -391 560 -556 -656 -124 -689 142 -377 -788 392 565 -698 34 728 503 -496 222 206 920 145 412 -465 933 -607 -246 -215 231 881 776 -318 441 624 642 159 -177 -77 732 -538 -761 53 -208 -516 847 286 214 -7 951 937 -76 -675 793 -854 382 689 210 976 304 -582 733
737 941 222 728 -823 684 323 56 522 -94 -44 753 803 -472 160 96 928 33 -491 -175 -893 255 -43 298 957 625 -694 -418 -469 -12 588 261 560 310 578 391 -915 -387 28 138 -875 -6 -211 689 -673 313 -905 -316 -7 -382 -987 -206 631 -598 -267 345 709 -134 149 922 326 513 -434 -579 36 -119 919 -769 -39 630 -954 -942 -802 482 -85 -600 -289 -651 -766 -151 190 -358 370 212 251 554 23 907 837 185 -372 -478 809 181 366 -47 -368 246 -501 -169
237 610 -215 560 689 810 -247 -488 83 -9 -385 343 -266 -980 -847 -289 -157 332 -707 -76 -658 -491 -177 -492 -219 361 -674 65 -881 -134 195 749 915 275 434 988 75 510 -398 608 -899 635 219 944 -162 -36 696 -757 296 -741 764 704 740 165 748 638 729 -832 3 311 -498 307 -366 185 865 -66 23 -893 496 129 80 826 -68 743 827 -369 -321 -641 775 -168 481 566 934 -424 -628 147 -285 512 736 -968 -453 370 -156 241 120 -461 -848 95 466 669
300 734 873 941 1 -798 -882 -920 120 -623 122 225 305 -904 -291 -169 -971 859 -382 -558 768 -787 -567 -103 778 98 -750 -777 424 -492 204 -961 811 443 -928 838 -153 -33 329 -465 531 -763 91 232 -183 215 632 69 -309 -410 -503 959 -453 29 -274 -891 191 314 347 -754 252 -794 762 -188 -285 -824 992 621 386 817 -110 630 -355 -54 -936 -676 948 -128 -890 -417 582 714 165 -914 245 -887 830 82 111 398 -49 -653 236 781 991 324 -51 -923 -947 422
-144 641 57 -770 811 974 -688 498 685 745 -271 211 -328 -155 -586 690 -601 -494 423 -817 -864 -176 302 520 -938 -674 775 -366 667 609 -590 943 622 569 779 -648 94 688 708 -917 -779 -504 261 -444 576 -318 888 -256 493 121 299 669 956 455 727 -521 -262 743 502 -334 386 425 -612 190 -782 324 -459 219 -737 -611 816 932 237 -615 812 902 968 -201 500 -130 -869 -711 390 14 591 -252 927 217 407 349 391 -783 -117 653 -218 248 378 297 -905 889
448 -20 -793 17 54 -872 -268 -342 -709 -449 600 -914 -830 -314 690 665 468 889 198 424 123 -10 -851 -214 270 -568 -730 98 461 419 -468 -87 -626 -430 508 -742 743 897 -699 886 247 -847 -508 -37 -79 970 -269 -417 272 -73 -722 -977 -487 659 -582 583 865 -627 276 219 -63 -707 629 -294 -270 311 -963 -471 -173 -472 -500 197 -958 -522 606 189 -909 -979 143 -583 459 -745 -147 -769 -514 -749 -98 132 69 457 786 660 46 -53 365 -408 -103 -869 -927 -388
-972 -65 223 126 320 111 984 -761 -860 -72 515 877 -644 -259 593 -353 -158 177 -164 427 -378 597 -501 396 363 772 -974 404 656 820 -522 -432 231 -834 -222 980 199 452 510 -466 39 571 448 -963 525 -800 -291 -778 -734 373 -926 694 -246 -454 -394 -494 546 211 -630 299 100 909 -966 807 791 704 -765 552 677 176 -538 -151 -485 -403 -680 -719 -428 -764 330 -461 -558 -502 -850 346 737 -715 -983 168 -154 -426 -755 595 185 -780 -862 405 583 888 38 442
-364 -222 -925 -810 -173 876 -779 897 -82 335 834 -693 -216 177 -54 -175 -607 785 -360 479 763 624 -77 631 557 -778 201 -329 80 280 653 437 -817 98 525 -909 -893 833 -887 -615 -107 222 -831 888 714 968 762 -119 -681 889 -979 725 440 629 314 182 -717 -903 610 -946 -936 -906 -13 863 859 -330 -447 978 949 -415 -719 -723 -319 434 605 -100 -822 239 507 -116 -432 -61 108 882 68 -692 832 -423 309 -780 -449 -157 692 133 -172 957 814 8 570 944
199 796 -942 -359 861 93 20 736 290 -433 6 -145 -208 213 258 -798 -4 -482 132 18 -453 131 270 801 -987 123 142 359 668 -937 417 -401 -81 -791 -826 -722 -1 -833 138 423 -226 -400 523 750 -495 208 -49 -520 -432 739 -379 -789 785 468 698 408 -516 -935 -627 -202 -133 -803 748 -362 85 195 67 -777 951 598 157 -407 533 -931 338 568 -306 352 553 -539 779 -43 -712 996 923 334 -154 23 648 -522 -642 343 836 277 140 204 -299 944 119 -761
-629 -1 -318 612 413 -109 103 -471 -913 408 -210 -673 -263 -67 -981 -586 -498 786 785 -291 -103 -785 -757 -416 -54 170 -583 -100 478 -585 -323 -122 160 787 169 808 -39 -941 57 479 670 456 474 299 429 -214 651 700 -706 811 311 -685 653 472 455 330 596 674 26 -358 946 -465 630 451 -522 -252 542 -446 -335 126 814 493 35 -217 338 -861 446 878 822 -487 470 392 -336 312 221 -45 11 279 -876 -185 -401 448 -402 -64 -170 -382 -734 -693 206 617
[RUN #12 3 10]
476 525 14
656 -2 361
765 -63 726
-901 -392 528
289 -489 -822
941 -278 247
-207 -463 310
-609 366 -235
-809 -22 -862
-29 651 305
[RUN #13 100 10]
-224 801 651 -1 415 436 -481 758 99 560 691 -530 -38 -956 -890 -923 -662 233 557 749 939 409 596 153 166 -881 -355 -60 -716 518 871 -314 -559 91 158 179 881 913 305 -350 780 -41 -54 308 604 520 12 -502 799 -959 -465 -484 -251 -512 -255 -256 -752 878 108 735 -506 819 -279 -619 -265 -759 -876 394 -409 -212 -532 27 -166 -746 595 -830 -447 -661 446 -909 -342 -793 11 -891 -851 358 -245 -398 991 173 -463 -898 -772 994 -606 482 -63 -57 16 255
797 -5 -749 169 -865 -170 -289 -761 -181 14 880 999 -42 -961 -34 -390 213 -673 -7 -573 724 296 -753 934 444 -424 -800 801 -421 653 481 436 -981 -129 576 796 968 497 -597 -605 446 962 -337 27 -192 725 -902 310 728 -297 -21 335 -653 -978 -449 -157 312 694 -960 -308 -385 -710 524 543 -456 -68 457 512 -972 831 94 878 684 873 -350 717 837 -172 927 231 -497 -333 -606 532 518 -588 672 970 565 -933 -887 779 -516 760 -786 -439 -954 76 192 583
724 -107 -874 -352 -635 -17 118 -628 -333 -768 -557 -606 -405 383 -347 -512 -821 471 706 794 823 572 -86 297 -931 531 -422 -228 698 116 885 -887 -93 248 -289 -848 187 -513 6 -830 853 -238 -916 583 796 76 -156 563 -208 596 -835 289 614 -368 -166 -314 456 -676 -532 953 464 778 -694 -741 704 550 800 -898 611 -30 -36 -15 -708 777 -293 -711 243 -917 328 -127 214 562 512 -553 -350 -190 -528 -64 277 771 612 216 -570 -426 -825 120 -33 -977 -600 -726
-12 -42 -75 384 927 64 -754 -676 -638 -85 866 -147 -155 -191 -862 -158 26 -195 -771 577 151 -271 -204 575 -931 -449 -625 -407 -341 -456 -564 587 635 -826 891 751 666 786 -398 545 -777 -120 -953 -575 -747 -511 -86 -973 -751 -800 107 779 -314 -278 -103 -276 -943 184 -125 -521 -247 233 876 465 -897 -649 203 -452 768 172 188 482 -434 608 408 240 -572 100 -487 818 139 834 25 -983 -409 543 -803 366 -520 -843 -129 -480 179 685 625 -685 710 860 -40 30
-271 483 -599 109 626 940 824 -480 -120 383 439 -913 977 677 -376 -282 -30 667 -750 490 -31 637 -772 999 738 897 964 -929 81 -309 603 628 774 955 -288 41 -213 -114 657 -971 145 -321 320 562 460 508 279 831 472 -34 -18 -681 -221 -524 -460 -44 -198 451 -368 -493 -932 323 432 382 -694 -490 -532 -119 -173 324 615 489 506 260 -466 353 -243 590 -837 599 549 -479 -201 967 146 68 337 5 -11 911 -380 564 72 -956 -871 -220 136 -592 -467 833
538 51 -6 382 -390 921 -718 -715 -567 978 -974 -189 369 -653 266 -255 -820 -78 633 -291 488 847 859 779 707 -793 -412 834 135 991 700 -298 22 914 -290 -957 -36 257 401 -577 12 -224 -932 -620 205 29 -534 874 -689 232 -11 -825 -837 -195 -187 -340 -588 2 -614 -756 402 -783 -25 559 252 457 -926 -896 -913 249 -50 100 605 -536 -764 -734 -991 72 926 776 -592 -971 -348 716 368 608 21 494 286 506 -172 -726 323 646 -349 -968 -294 -947 271 315
-52 -414 -673 102 -118 -604 -934 -531 22 -279 349 839 465 -753 138 172 -844 646 601 -566 840 -147 331 -993 304 515 456 879 -820 -314 -273 -945 -117 742 -984 -182 -199 977 -888 597 760 -97 250 -43 -796 -193 -956 408 -319 973 935 637 -522 498 -867 152 -563 436 146 -721 413 137 903 -734 698 748 132 -410 156 -774 455 467 238 421 -764 -255 -347 -962 -906 296 -300 933 909 886 218 -304 -142 446 -691 -474 654 767 -82 444 -6 243 970 -96 -124 -568
147 -156 -172 -619 336 -102 -22 -90 452 287 -671 855 702 215 57 677 514 665 403 -850 -807 -809 -31 397 -879 221 -444 -712 -812 -313 299 -316 -869 -96 88 784 -840 -737 -209 587 -500 204 -735 -639 137 252 786 701 -786 -820 612 732 764 -637 -233 377 -987 -38 -406 -17 437 346 -246 486 -582 -974 877 -4 -884 30 -61 -977 644 -356 932 -418 -756 -168 -550 487 339 770 -226 -889 105 -83 -961 740 -308 72 -739 9 -788 576 -41 84 648 555 682 849
-486 -942 -856 -472 766 649 -771 -51 -157 -638 889 -173 631 -140 -737 503 362 -744 -370 -626 141 -31 -359 400 763 109 842 -17 989 -541 268 39 837 -380 -204 448 953 991 -348 -564 -396 725 -840 -868 -704 -544 -43 -48 318 -673 -690 405 -345 592 960 69 -24 743 644 569 -61 -259 382 93 795 973 94 -243 -106 55 -228 -688 -945 239 -696 261 329 355 119 597 660 -412 956 340 192 -599 772 534 -708 26 -189 523 373 -432 -251 52 286 666 313 -201
-47 -917 712 -19 -593 458 -746 567 -483 548 -924 -373 980 -844 998 617 -430 -433 -347 799 -885 -76 79 -201 -53 384 650 532 172 631 58 -702 699 318 169 357 882 972 -321 403 242 525 -988 644 -372 140 -760 671 -517 404 966 -1 56 547 -126 -65 244 960 323 -896 -943 171 21 423 -151 -700 414 432 -243 -814 -584 -236 375 519 -207 -886 152 -677 -553 -724 -795 813 -411 -836 -687 113 129 653 -903 895 -744 -488 43 455 394 -726 -657 -307 -679 -539
[RUN #14 500 10]
-717 -143 234 -968 650 -77 -803 646 664 783 667 267 935 876 916 -294 -955 -505 -32 284 852 -823 -155 543 -765 820 882 -651 -468 360 -903 -379 467 838 -188 652 -567 37 -164 -665 804 736 -524 36 74 164 -572 322 -98 -8 -857 -532 -690 122 711 353 33 134 148 -396 -353 -390 127 423 -43 680 424 -852 -609 -734 -963 298 663 -869 152 -378 118 121 190 -122 487 472 685 867 154 -584 -128 634 -684 769 270 -518 -18 -125 -428 -750 668 -307 -926 -526 124 -99 857 85 718 311 440 -412 -410 108 585 -814 761 865 416 -234 589 -447 853 -982 -746 -334 834 -884 -797 -715 -249 -591 533 629 534 -821 435 -40 -224 -394 591 508 -326 -661 -565 -830 -581 -252 80 111 474 943 -336 886 -417 -416 422 -246 -263 926 -702 792 -592 -664 619 -469 -822 772 466 332 -86 -652 -221 895 -585 278 399 391 -662 211 959 430 425 561 -304 723 -404 655 -21 -831 75 -950 -262 -250 786 348 649 -495 147 249 -792 615 -492 -611 355 -365 626 24 -874 302 496 -896 851 65 -780 432 -808 -30 -694 84 -148 -375 -643 -943 -47 -80 714 502 455 272 829 -692 -984 282 136 -139 102 -768 -382 -862 151 661 442 445 -531 692 83 -650 -289 790 -464 -637 640 -104 -152 200 -403 -515 -873 -364 -631 -756 -760 849 -339 -718 383 956 -883 -547 641 518 727 785 721 635 628 732 -218 -190 754 763 -716 -193 -31 217 433 856 -474 -576 -994 -49 -961 643 -807 437 697 739 -444 -393 -70 -872 950 -537 -173 -786 948 -118 -696 632 915 -783 -542 238 70 255 -127 700 -980 460 -887 223 917 -646 276 -258 -774 -9 801 -858 -538 509 930 -704 129 596 146 -559 -229 -606 -363 -956 977 793 -672 410 12 -149 806 -820 494 93 107 -356 -132 378 -311 493 178 923 903 -329 776 504 706 -847 325 246 140 -870 955 -622 963 548 603 939 334 771 -996 850 609 -204 -990 978 8 -511 544 -105 984 672 -910 98 -255 -697 -295 -811 -936 -647 87 -360 -993 -995 -349 881 324 952 347 372 598 -397 712 -36 614 -893 -620 693 -800 34 734 -88 516 -135 -207 -918 898 809 -142 -770 345 -186 564 -549 166 -598 -619 557 -129 810 -34 932 -475 -7 536 427 -182 434 859 358 161 969 747 945 904 970 728 -285 64 730 308 -778 860 -824 -957 -827 137 -815 429 411 175 -6 514 -941 -901 599 -279 454 766 105 994 -742 791 341 -172 -966 -867 -854 289 -740 -270 -92 -433 602 -446 -247 69 -219 -199 157 -937 -791 925 -62 974 -507
-872 810 939 178 926 480 -361 765 -914 916 549 548 -12 -180 -146 880 -516 104 -755 313 -226 357 -802 809 591 772 956 -219 -466 -868 -993 -347 616 -106 452 5 -51 571 -393 -120 213 -835 185 -208 613 -344 273 687 823 911 -804 -142 -465 564 -227 -588 201 217 -10 142 996 -776 -527 -320 -575 565 -825 -92 -348 -116 -507 -408 123 -632 -100 -420 -812 891 -688 719 309 43 943 488 871 -161 901 860 721 770 -371 -188 -69 -529 64 858 216 113 -115 -524 896 135 388 611 285 221 -953 97 354 519 25 907 -744 -937 154 359 -184 352 384 604 -765 -336 -870 -319 -920 630 361 -631 -856 62 402 -8 226 -215 241 376 -327 713 170 -461 450 -324 242 474 662 -501 -46 -126 -368 -232 -602 -498 -174 483 294 379 951 307 -763 -671 67 83 81 -367 -329 283 -900 517 381 -228 742 771 -683 -419 -199 -150 586 204 966 -917 -314 345 11 30 741 -192 575 562 101 227 -924 26 702 194 -955 634 568 -905 646 -814 -225 423 -938 -511 50 -410 -741 -706 70 -684 -241 680 262 102 -342 -743 171 521 555 550 642 -518 103 -375 763 404 -975 821 -464 -696 -612 946 82 790 528 -451 816 -510 -625 -990 268 -609 438 -248 829 380 -732 558 691 700 -892 -127 -105 -377 -810 495 -904 -959 834 -693 -172 -422 358 -967 -549 188 47 846 -566 -660 622 -734 -983 -486 -433 287 983 605 -749 596 -313 -545 -379 661 -483 455 80 157 789 -90 761 -889 543 -474 191 -35 34 -112 -720 -257 -282 140 -214 286 -481 -901 151 808 367 -97 -876 -170 803 -970 947 -425 476 -95 795 -131 720 314 577 327 -22 -442 478 -328 -966 773 -301 814 -49 -145 -757 -877 -318 953 703 -452 -135 -204 931 298 -739 -613 894 758 965 275 747 524 -212 -649 -641 917 265 -864 -9 -409 -620 -400 -279 527 46 -265 -147 -930 792 -811 260 749 -703 348 277 958 -430 -622 -7 237 365 270 766 -497 -682 18 811 116 -556 -708 -630 -710 -20 631 -488 937 335 559 76 -89 223 254 578 -191 775 137 660 852 913 -17 -640 892 -723 372 219 -503 -674 -154 -309 -550 -626 859 78 -447 48 198 -389 -874 117 654 -2 246 -956 -340 960 -21 19 593 924 -962 342 -728 350 406 212 -712 173 -444 329 -519 779 -789 627 -845 -364 138 818 566 -695 -908 881 7 -670 -157 -79 -276 -597 147 -315 648 100 -809 -652 -724 -921 426 315 -67 -658 949 520 407 -60 105 -353 148 -774 -910 -446 -852 389 269 -91 -656 -605 508 -390 -163 409 -538
392 -653 571 890 760 765 538 -64 -235 882 74 -382 -742 -845 597 933 948 920 871 151 -963 -897 130 680 -825 -480 630 149 275 856 -688 -956 988 -470 -564 55 -767 -439 15 -708 -718 -639 -85 -516 -699 -787 835 -594 896 771 938 -112 -909 -619 -347 -836 625 671 -622 972 -317 874 198 -261 170 -491 -204 614 -721 -329 977 559 624 448 476 -328 215 587 -165 -207 -611 573 -492 -988 744 -150 -756 -814 -433 -748 935 -577 -184 -586 923 395 93 281 607 773 381 -636 164 -210 644 495 -58 38 494 61 -755 958 -309 -448 -298 906 -819 -228 -758 917 -628 -375 -998 383 799 394 679 -658 -103 -284 -991 -411 -81 -77 -187 40 -690 -949 365 862 53 -950 -842 209 -290 -266 207 -791 -509 496 202 80 -201 199 493 85 194 185 -691 611 -641 -179 367 64 163 519 116 -766 916 -697 -701 73 -331 648 60 504 640 -957 -566 13 259 201 106 620 -276 98 942 -161 -529 821 645 -833 576 463 -226 -121 356 -953 12 669 782 -838 806 -583 934 235 -102 911 873 893 -978 -306 -623 594 -16 401 -335 -870 167 411 388 -256 -981 278 -379 332 -231 -895 111 -230 869 878 -169 946 941 887 692 965 -343 -390 748 -281 539 -412 437 423 -203 426 549 129 155 -503 -739 -979 739 -843 852 -90 828 -7 369 681 -867 709 -597 120 -87 939 339 697 535 -581 794 779 238 814 -947 -789 -186 -722 735 295 904 -599 -496 366 308 147 612 -293 982 -140 46 -214 379 805 -482 899 361 582 975 -712 993 352 -999 -463 -164 795 -695 -356 -561 -855 -552 -918 712 -736 -858 -104 817 -562 184 -574 10 -464 -426 -497 998 688 557 -920 173 -125 -630 689 651 334 284 -312 517 -822 929 707 187 980 -726 -779 -468 -413 -53 228 790 407 -63 -294 600 994 667 320 -114 -533 -363 789 399 -319 -642 560 141 -78 -881 966 -172 -404 -886 672 567 -820 153 9 479 345 333 661 721 492 -45 446 -5 -182 -155 326 921 -475 -135 -719 -257 -595 -700 675 21 967 532 37 182 -506 -126 100 727 -737 -299 -400 -283 -456 -514 -152 191 885 684 -876 193 960 -416 -527 301 884 -500 179 864 957 -198 297 433 747 460 -291 601 -610 218 -86 931 343 35 -734 -54 781 -151 317 -707 -526 456 -301 219 -485 480 402 -402 857 634 641 242 -410 -252 -359 246 725 -107 -681 891 -811 -340 -388 -504 244 766 599 484 169 677 836 -637 298 189 -617 -26 523 245 583 -262 -579 626 469 -466 168 776 591 486 639 -19 -778 703 -113
-147 -116 350 766 17 303 449 -4 -350 488 -143 778 459 -628 483 597 388 -545 -187 564 -884 -681 -474 52 -534 446 594 952 290 -716 437 977 -449 309 563 -163 662 533 -129 56 -877 489 -490 506 -724 33 -816 779 946 500 -340 559 360 -318 -505 505 918 600 136 803 627 -356 -697 -888 -211 6 -776 -485 -274 -994 -445 -127 378 780 222 -770 -257 -229 382 833 68 337 364 -671 557 -552 -395 827 -447 -524 418 -908 -48 -209 -657 902 47 371 855 843 676 -892 -917 656 -398 -865 938 239 -220 -47 -343 696 447 -267 -501 -345 -551 -522 -416 84 968 -556 -683 49 -913 -732 588 -234 182 -729 91 -839 -156 -371 304 -968 477 395 -17 376 -907 -301 913 -783 786 593 -586 -358 -119 -184 -936 975 74 -723 840 -510 -191 905 492 -213 800 263 81 -281 413 158 -872 712 842 -215 930 386 961 647 118 -180 503 636 619 -76 -227 546 97 903 365 -313 886 499 -705 -420 410 785 -574 -291 522 -196 -69 -819 -659 268 -999 -688 -810 -663 241 544 -273 173 -152 -321 -868 -982 -895 996 -798 232 -956 -667 -673 -771 734 -837 -302 -535 -225 -919 677 549 590 420 7 -793 841 -88 -430 20 -314 -825 582 -939 -822 932 -710 -221 -706 5 794 450 984 486 547 940 -39 -378 -726 653 954 -25 689 -605 693 107 620 -960 -1 735 305 -251 743 380 429 372 907 235 -916 -70 893 -973 910 30 133 703 -426 -332 -712 568 126 610 -563 -867 -244 -68 470 -458 -752 -370 818 591 -151 518 642 -288 577 -914 -571 768 -993 417 -105 431 -921 688 960 748 -779 701 55 592 777 -57 247 848 -809 865 212 -108 -258 -635 148 428 384 135 -924 885 551 -834 512 -788 -972 404 -954 -32 -805 -22 104 -107 -589 634 -401 -366 986 976 67 -233 888 819 -372 497 3 -479 -937 -77 -992 502 442 -375 876 -766 501 659 187 -744 11 -580 -280 -182 36 296 366 34 -12 509 -621 -206 -759 -390 750 150 -41 -789 -856 60 -361 157 -404 -938 -684 763 -677 -319 -54 -852 -696 -930 508 919 -576 705 -595 713 921 720 -476 -904 851 630 -791 -600 896 -597 178 845 -862 853 430 -533 -949 -205 -28 -511 -207 -649 46 -539 293 308 336 -912 -165 -386 179 31 -644 -106 -405 -996 393 -325 234 633 -512 -360 745 362 129 -154 -239 -920 435 -53 966 -199 400 -848 -286 272 -289 194 -690 828 -279 -503 834 300 -878 854 -114 -496 -2 -29 -617 312 901 755 461 -875 -850 553 -565 -333 -746 -963 106 -656 163 683 -698 139 -136 671
-246 -805 956 -910 116 -413 239 695 561 865 -98 -932 -436 -236 -626 225 -667 401 626 -42 -241 874 -237 6 322 171 -873 511 -378 -650 -698 608 -136 900 235 -870 -564 -686 841 586 779 -553 371 -641 -273 161 -432 -59 -756 967 -537 -687 -292 808 -403 232 -736 920 947 816 806 -387 -920 206 683 200 257 477 278 -181 -343 -443 -938 -219 -693 -594 936 615 -703 521 -723 824 571 113 -125 -804 -281 267 406 501 409 -358 -477 -69 280 176 -202 -188 -58 838 993 -55 892 -760 -677 -717 781 -931 50 825 -855 395 791 -245 -333 152 8 -754 -984 10 540 -141 799 -542 869 349 871 851 664 663 -271 42 -163 -969 -218 928 848 58 -978 497 -22 525 -364 772 582 -142 -707 -307 -228 -575 588 -892 -833 449 -777 -834 -434 -568 417 509 -369 -624 565 -450 -657 265 303 201 -572 182 585 -119 -376 -799 857 273 610 -747 644 -665 104 807 583 -468 -513 208 -84 883 -365 -981 822 9 -230 893 350 107 282 -180 -447 -220 292 -830 252 -634 312 -234 687 587 328 57 118 21 -250 404 430 -374 -16 -692 -617 255 722 -410 671 -408 -386 -942 686 937 364 -679 470 170 -741 376 133 801 531 479 735 388 -609 -328 918 -503 -153 476 876 -896 -449 -381 493 -559 -700 134 737 0 -763 955 -323 -74 -91 -780 -928 25 -130 -243 43 -151 -720 690 -614 -552 -577 960 -479 -282 90 40 -646 -186 -726 541 545 782 -990 -492 307 -600 441 910 -740 452 -795 -504 -865 148 -662 -406 122 -800 500 558 -812 692 -871 634 491 987 -192 -445 -718 346 345 -390 -536 761 391 -30 617 -785 -448 -851 988 636 -539 -52 -446 -284 -793 -985 -158 -482 -380 177 -92 -79 -637 -722 62 740 538 -304 -372 543 229 -346 66 -494 -961 -533 -221 -901 -968 631 494 -902 -633 -290 -26 -695 469 -959 -829 845 -663 264 713 817 -20 47 680 -974 564 495 309 -458 752 287 -177 -847 218 419 324 -699 240 -320 575 326 -114 -198 905 139 640 455 581 -888 112 -498 -801 873 881 839 547 754 -255 -845 637 -414 453 -416 815 -846 748 -541 -13 556 -671 603 668 -329 751 828 231 -735 -860 -601 760 -917 -223 -99 256 -260 963 835 457 -57 -428 877 704 86 -790 -822 -739 -388 747 -971 214 -399 -201 111 -105 -918 -72 -565 -189 352 451 -162 785 -704 -179 605 710 89 951 484 849 194 866 -844 -4 164 -506 753 -810 -161 741 -702 -838 -463 836 24 -807 -354 703 290 318 -998 729 798 -811 -60 -837 77 -438 187 -880 658 -217 263
218 405 481 -202 -578 -902 -618 -430 -39 -3 692 -58 694 -258 -649 129 29 -241 516 124 -533 981 946 298 423 -405 -950 47 984 -819 639 -30 608 864 97 894 835 2 923 212 748 663 484 -975 49 570 -859 953 903 176 -177 146 -86 -447 -913 -882 198 583 750 -679 77 -180 -360 -778 120 -977 758 637 366 394 373 273 455 -700 936 353 -903 698 -800 515 303 461 -954 797 -820 -121 -704 264 703 -56 781 -302 -24 473 702 -619 -274 348 132 -431 -382 907 -153 40 126 278 335 -810 821 -571 -496 710 46 369 400 -327 -14 -219 612 -803 -408 -83 -451 -826 776 331 -144 -817 757 743 441 251 -891 -392 668 74 284 -791 313 -185 -570 -491 -349 667 -612 55 200 -372 -414 910 292 704 -383 -731 -543 -654 -268 915 395 590 983 -582 735 809 368 -388 -191 250 -499 360 -280 133 -790 -467 -907 -899 -236 625 -456 -62 -821 390 497 51 125 -186 238 -494 -530 -404 -215 219 679 245 247 -190 -161 -210 -216 -9 78 508 879 -82 -605 496 -462 -365 883 585 228 -212 629 -815 868 998 109 -275 -928 -287 -512 -130 533 -203 -443 768 -454 234 -480 76 432 -877 482 -402 676 476 -616 92 418 -376 -573 -115 -787 -335 -937 -415 -339 332 207 37 -569 -729 992 -351 -166 658 53 -707 22 -919 914 -861 -872 681 -959 551 -168 -265 -226 -734 -513 -55 -629 318 -648 -841 144 837 -523 -558 10 -640 -217 -124 -860 -684 -824 -49 969 489 -940 909 818 104 308 -178 123 601 613 328 -845 714 201 -221 -324 -583 -761 582 -911 685 614 669 54 -674 -645 -47 -319 56 791 202 731 -856 549 444 391 675 -245 973 -613 514 -167 888 -833 213 408 -428 -687 666 164 -897 -501 -744 -806 -69 -943 -955 341 -741 -916 -88 789 -36 -871 -138 -708 -19 -196 90 -510 -550 -867 -935 151 342 -789 -507 577 -521 964 721 161 929 741 775 994 -547 -46 959 -525 237 717 944 -555 302 -854 720 -770 -473 594 963 -187 854 141 -967 -506 67 -846 -81 -232 -116 878 -703 -211 300 813 435 -84 99 -426 -230 630 110 -43 652 89 4 943 329 377 -843 -225 848 -271 -961 422 26 -777 340 -337 -931 -2 -370 850 -395 -518 690 -142 135 204 -559 80 678 505 746 548 565 -564 -341 989 708 -325 822 -233 -581 -672 266 102 938 786 -781 446 -657 -635 885 937 -932 -390 587 -444 -98 -141 344 751 186 586 810 -93 792 -99 738 831 222 -59 100 -557 838 857 465 -398 -283 246 -980 -173 45 315 941 -706 -725 563 -714
